<?xml version="1.0" encoding="UTF-8"?>
<testng-results skipped="0" failed="0" total="1" passed="1">
  <reporter-output>
  </reporter-output>
  <suite name="Default suite" duration-ms="8636" started-at="2020-02-24T05:20:54Z" finished-at="2020-02-24T05:21:03Z">
    <groups>
    </groups>
    <test name="Default test" duration-ms="8636" started-at="2020-02-24T05:20:54Z" finished-at="2020-02-24T05:21:03Z">
      <class name="SIMPLE.LaunchBrowser">
        <test-method status="PASS" signature="launch()[pri:0, instance:SIMPLE.LaunchBrowser@20e2cbe0]" name="launch" duration-ms="8601" started-at="2020-02-24T10:50:54Z" finished-at="2020-02-24T10:51:03Z">
          <reporter-output>
          </reporter-output>
        </test-method> <!-- launch -->
      </class> <!-- SIMPLE.LaunchBrowser -->
    </test> <!-- Default test -->
  </suite> <!-- Default suite -->
</testng-results>
